# JRE version: OpenJDK Runtime Environment (11.0.11+9) (build 11.0.11+9-b60-7590822)
# Java VM: OpenJDK 64-Bit Server VM (11.0.11+9-b60-7590822, mixed mode, tiered, compressed oops, g1 gc, windows-amd64)
Heap:
 garbage-first heap   total 1122304K, used 336896K [0x0000000080000000, 0x0000000100000000)
  region size 1024K, 6 young (6144K), 6 survivors (6144K)
 Metaspace       used 139932K, capacity 143591K, committed 143612K, reserved 1173504K
  class space    used 17436K, capacity 18746K, committed 18764K, reserved 1048576K
GC Heap History (20 events):
Event: 138.150 GC heap after
{Heap after GC invocations=106 (full 0):
 garbage-first heap   total 231424K, used 190752K [0x0000000080000000, 0x0000000100000000)
  region size 1024K, 1 young (1024K), 1 survivors (1024K)
 Metaspace       used 132805K, capacity 136324K, committed 136572K, reserved 1167360K
  class space    used 16542K, capacity 17805K, committed 17868K, reserved 1048576K
}
Event: 138.484 GC heap before
{Heap before GC invocations=107 (full 0):
 garbage-first heap   total 231424K, used 200992K [0x0000000080000000, 0x0000000100000000)
  region size 1024K, 11 young (11264K), 1 survivors (1024K)
 Metaspace       used 133519K, capacity 137060K, committed 137212K, reserved 1169408K
  class space    used 16638K, capacity 17901K, committed 17996K, reserved 1048576K
}
Event: 138.494 GC heap after
{Heap after GC invocations=108 (full 0):
 garbage-first heap   total 231424K, used 195343K [0x0000000080000000, 0x0000000100000000)
  region size 1024K, 2 young (2048K), 2 survivors (2048K)
 Metaspace       used 133519K, capacity 137060K, committed 137212K, reserved 1169408K
  class space    used 16638K, capacity 17901K, committed 17996K, reserved 1048576K
}
Event: 138.681 GC heap before
{Heap before GC invocations=108 (full 0):
 garbage-first heap   total 231424K, used 204559K [0x0000000080000000, 0x0000000100000000)
  region size 1024K, 11 young (11264K), 2 survivors (2048K)
 Metaspace       used 133536K, capacity 137060K, committed 137212K, reserved 1169408K
  class space    used 16638K, capacity 17901K, committed 17996K, reserved 1048576K
}
Event: 138.702 GC heap after
{Heap after GC invocations=109 (full 0):
 garbage-first heap   total 278528K, used 202211K [0x0000000080000000, 0x0000000100000000)
  region size 1024K, 2 young (2048K), 2 survivors (2048K)
 Metaspace       used 133536K, capacity 137060K, committed 137212K, reserved 1169408K
  class space    used 16638K, capacity 17901K, committed 17996K, reserved 1048576K
}
Event: 138.959 GC heap before
{Heap before GC invocations=109 (full 0):
 garbage-first heap   total 278528K, used 220643K [0x0000000080000000, 0x0000000100000000)
  region size 1024K, 20 young (20480K), 2 survivors (2048K)
 Metaspace       used 133713K, capacity 137201K, committed 137468K, reserved 1169408K
  class space    used 16650K, capacity 17906K, committed 17996K, reserved 1048576K
}
Event: 138.990 GC heap after
{Heap after GC invocations=110 (full 0):
 garbage-first heap   total 278528K, used 218112K [0x0000000080000000, 0x0000000100000000)
  region size 1024K, 3 young (3072K), 3 survivors (3072K)
 Metaspace       used 133713K, capacity 137201K, committed 137468K, reserved 1169408K
  class space    used 16650K, capacity 17906K, committed 17996K, reserved 1048576K
}
Event: 139.074 GC heap before
{Heap before GC invocations=110 (full 0):
 garbage-first heap   total 278528K, used 230400K [0x0000000080000000, 0x0000000100000000)
  region size 1024K, 15 young (15360K), 3 survivors (3072K)
 Metaspace       used 133713K, capacity 137201K, committed 137468K, reserved 1169408K
  class space    used 16650K, capacity 17906K, committed 17996K, reserved 1048576K
}
Event: 139.103 GC heap after
{Heap after GC invocations=111 (full 0):
 garbage-first heap   total 278528K, used 228352K [0x0000000080000000, 0x0000000100000000)
  region size 1024K, 2 young (2048K), 2 survivors (2048K)
 Metaspace       used 133713K, capacity 137201K, committed 137468K, reserved 1169408K
  class space    used 16650K, capacity 17906K, committed 17996K, reserved 1048576K
}
Event: 139.164 GC heap before
{Heap before GC invocations=111 (full 0):
 garbage-first heap   total 278528K, used 239616K [0x0000000080000000, 0x0000000100000000)
  region size 1024K, 13 young (13312K), 2 survivors (2048K)
 Metaspace       used 133713K, capacity 137201K, committed 137468K, reserved 1169408K
  class space    used 16650K, capacity 17906K, committed 17996K, reserved 1048576K
}
Event: 139.191 GC heap after
{Heap after GC invocations=112 (full 0):
 garbage-first heap   total 278528K, used 237056K [0x0000000080000000, 0x0000000100000000)
  region size 1024K, 2 young (2048K), 2 survivors (2048K)
 Metaspace       used 133713K, capacity 137201K, committed 137468K, reserved 1169408K
  class space    used 16650K, capacity 17906K, committed 17996K, reserved 1048576K
}
Event: 139.529 GC heap before
{Heap before GC invocations=112 (full 0):
 garbage-first heap   total 278528K, used 248320K [0x0000000080000000, 0x0000000100000000)
  region size 1024K, 13 young (13312K), 2 survivors (2048K)
 Metaspace       used 134903K, capacity 138403K, committed 138620K, reserved 1169408K
  class space    used 16813K, capacity 18071K, committed 18124K, reserved 1048576K
}
Event: 139.544 GC heap after
{Heap after GC invocations=113 (full 0):
 garbage-first heap   total 472064K, used 240159K [0x0000000080000000, 0x0000000100000000)
  region size 1024K, 2 young (2048K), 2 survivors (2048K)
 Metaspace       used 134903K, capacity 138403K, committed 138620K, reserved 1169408K
  class space    used 16813K, capacity 18071K, committed 18124K, reserved 1048576K
}
Event: 141.456 GC heap before
{Heap before GC invocations=114 (full 0):
 garbage-first heap   total 472064K, used 301599K [0x0000000080000000, 0x0000000100000000)
  region size 1024K, 61 young (62464K), 2 survivors (2048K)
 Metaspace       used 139863K, capacity 143521K, committed 143612K, reserved 1173504K
  class space    used 17436K, capacity 18746K, committed 18764K, reserved 1048576K
}
Event: 142.004 GC heap after
{Heap after GC invocations=115 (full 0):
 garbage-first heap   total 472064K, used 253292K [0x0000000080000000, 0x0000000100000000)
  region size 1024K, 8 young (8192K), 8 survivors (8192K)
 Metaspace       used 139863K, capacity 143521K, committed 143612K, reserved 1173504K
  class space    used 17436K, capacity 18746K, committed 18764K, reserved 1048576K
}
Event: 142.240 GC heap before
{Heap before GC invocations=115 (full 0):
 garbage-first heap   total 472064K, used 281964K [0x0000000080000000, 0x0000000100000000)
  region size 1024K, 36 young (36864K), 8 survivors (8192K)
 Metaspace       used 139865K, capacity 143521K, committed 143612K, reserved 1173504K
  class space    used 17436K, capacity 18746K, committed 18764K, reserved 1048576K
}
Event: 142.308 GC heap after
{Heap after GC invocations=116 (full 0):
 garbage-first heap   total 472064K, used 277315K [0x0000000080000000, 0x0000000100000000)
  region size 1024K, 5 young (5120K), 5 survivors (5120K)
 Metaspace       used 139865K, capacity 143521K, committed 143612K, reserved 1173504K
  class space    used 17436K, capacity 18746K, committed 18764K, reserved 1048576K
}
Event: 142.581 GC heap before
{Heap before GC invocations=116 (full 0):
 garbage-first heap   total 472064K, used 309059K [0x0000000080000000, 0x0000000100000000)
  region size 1024K, 36 young (36864K), 5 survivors (5120K)
 Metaspace       used 139932K, capacity 143591K, committed 143612K, reserved 1173504K
  class space    used 17436K, capacity 18746K, committed 18764K, reserved 1048576K
}
Event: 142.639 GC heap after
{Heap after GC invocations=117 (full 0):
 garbage-first heap   total 472064K, used 300032K [0x0000000080000000, 0x0000000100000000)
  region size 1024K, 5 young (5120K), 5 survivors (5120K)
 Metaspace       used 139932K, capacity 143591K, committed 143612K, reserved 1173504K
  class space    used 17436K, capacity 18746K, committed 18764K, reserved 1048576K
}
Event: 142.840 GC heap before
{Heap before GC invocations=117 (full 0):
 garbage-first heap   total 472064K, used 337920K [0x0000000080000000, 0x0000000100000000)
  region size 1024K, 42 young (43008K), 5 survivors (5120K)
 Metaspace       used 139932K, capacity 143591K, committed 143612K, reserved 1173504K
  class space    used 17436K, capacity 18746K, committed 18764K, reserved 1048576K
}

